\BOOKMARK [1][-]{section.1}{\376\377\000A\000b\000s\000t\000r\000a\000c\000t}{}% 1
\BOOKMARK [1][-]{section.2}{\376\377\000I\000n\000t\000r\000o\000d\000u\000c\000t\000i\000o\000n}{}% 2
\BOOKMARK [1][-]{section.3}{\376\377\000M\000o\000t\000h\000e\000r\000b\000o\000a\000r\000d\000\040\000L\000a\000y\000o\000u\000t}{}% 3
\BOOKMARK [1][-]{section.4}{\376\377\000M\000a\000i\000n\000\040\000C\000o\000m\000p\000o\000n\000e\000n\000t\000s}{}% 4
\BOOKMARK [2][-]{subsection.4.1}{\376\377\000P\000r\000o\000c\000e\000s\000s\000o\000r}{section.4}% 5
\BOOKMARK [2][-]{subsection.4.2}{\376\377\000M\000e\000m\000o\000r\000y\000\040\000\050\000R\000A\000M\000\051}{section.4}% 6
\BOOKMARK [2][-]{subsection.4.3}{\376\377\000S\000u\000p\000e\000r\000\040\000I\000/\000O\000\040\000C\000o\000n\000t\000r\000o\000l\000l\000e\000r}{section.4}% 7
\BOOKMARK [2][-]{subsection.4.4}{\376\377\000S\000t\000o\000r\000a\000g\000e}{section.4}% 8
\BOOKMARK [2][-]{subsection.4.5}{\376\377\000P\000l\000a\000t\000f\000o\000r\000m\000\040\000C\000o\000n\000t\000r\000o\000l\000l\000e\000r\000\040\000H\000u\000b\000\040\000\050\000P\000C\000H\000\051}{section.4}% 9
\BOOKMARK [1][-]{section.5}{\376\377\000O\000t\000h\000e\000r\000\040\000I\000n\000t\000e\000g\000r\000a\000t\000e\000d\000\040\000C\000i\000r\000c\000u\000i\000t\000s}{}% 10
\BOOKMARK [2][-]{subsection.5.1}{\376\377\000E\000t\000h\000e\000r\000n\000e\000t\000\040\000C\000o\000n\000t\000r\000o\000l\000l\000e\000r}{section.5}% 11
\BOOKMARK [2][-]{subsection.5.2}{\376\377\000A\000u\000d\000i\000o\000\040\000C\000o\000d\000e\000c}{section.5}% 12
\BOOKMARK [1][-]{section.6}{\376\377\000C\000M\000O\000S\000\040\000a\000n\000d\000\040\000B\000a\000t\000t\000e\000r\000y}{}% 13
\BOOKMARK [1][-]{section.7}{\376\377\000I\000n\000t\000e\000r\000f\000a\000c\000e\000\040\000S\000t\000a\000n\000d\000a\000r\000d\000s}{}% 14
\BOOKMARK [2][-]{subsection.7.1}{\376\377\000P\000C\000I\000\040\000\050\000P\000e\000r\000i\000p\000h\000e\000r\000a\000l\000\040\000C\000o\000m\000p\000o\000n\000e\000n\000t\000\040\000I\000n\000t\000e\000r\000c\000o\000n\000n\000e\000c\000t\000\051}{section.7}% 15
\BOOKMARK [2][-]{subsection.7.2}{\376\377\000S\000A\000T\000A}{section.7}% 16
\BOOKMARK [2][-]{subsection.7.3}{\376\377\000D\000M\000I\000\040\0003\000.\0000}{section.7}% 17
\BOOKMARK [1][-]{section.8}{\376\377\000F\000u\000n\000c\000t\000i\000o\000n\000a\000l\000\040\000B\000l\000o\000c\000k\000\040\000D\000i\000a\000g\000r\000a\000m}{}% 18
\BOOKMARK [1][-]{section.9}{\376\377\000I\000/\000O\000\040\000C\000o\000m\000p\000o\000n\000e\000n\000t\000s}{}% 19
\BOOKMARK [2][-]{subsection.9.1}{\376\377\000B\000a\000c\000k\000\040\000P\000a\000n\000e\000l\000\040\000I\000/\000O\000\040\000P\000o\000r\000t\000s}{section.9}% 20
\BOOKMARK [3][-]{subsubsection.9.1.1}{\376\377\000U\000S\000B}{subsection.9.1}% 21
\BOOKMARK [3][-]{subsubsection.9.1.2}{\376\377\000V\000G\000A}{subsection.9.1}% 22
\BOOKMARK [3][-]{subsubsection.9.1.3}{\376\377\000D\000V\000I}{subsection.9.1}% 23
\BOOKMARK [3][-]{subsubsection.9.1.4}{\376\377\000H\000D\000M\000I}{subsection.9.1}% 24
\BOOKMARK [3][-]{subsubsection.9.1.5}{\376\377\000L\000A\000N}{subsection.9.1}% 25
\BOOKMARK [3][-]{subsubsection.9.1.6}{\376\377\000W\000i\000F\000i}{subsection.9.1}% 26
\BOOKMARK [2][-]{subsection.9.2}{\376\377\000I\000n\000t\000e\000r\000n\000a\000l\000\040\000C\000o\000n\000n\000e\000c\000t\000o\000r\000s}{section.9}% 27
\BOOKMARK [1][-]{section.10}{\376\377\000C\000o\000n\000n\000e\000c\000t\000i\000v\000i\000t\000y\000\040\000O\000p\000t\000i\000o\000n\000s}{}% 28
\BOOKMARK [1][-]{section.11}{\376\377\000C\000o\000o\000l\000i\000n\000g\000\040\000O\000p\000t\000i\000o\000n\000s}{}% 29
